Traceback (most recent call last):
  File "/usr/share/miniconda/envs/pytsa/lib/python3.10/site-packages/jupyter_cache/executors/utils.py", line 58, in single_nb_execution
    executenb(
  File "/usr/share/miniconda/envs/pytsa/lib/python3.10/site-packages/nbclient/client.py", line 1323, in execute
    return NotebookClient(nb=nb, resources=resources, km=km, **kwargs).execute()
  File "/usr/share/miniconda/envs/pytsa/lib/python3.10/site-packages/jupyter_core/utils/__init__.py", line 165, in wrapped
    return loop.run_until_complete(inner)
  File "/usr/share/miniconda/envs/pytsa/lib/python3.10/asyncio/base_events.py", line 649, in run_until_complete
    return future.result()
  File "/usr/share/miniconda/envs/pytsa/lib/python3.10/site-packages/nbclient/client.py", line 709, in async_execute
    await self.async_execute_cell(
  File "/usr/share/miniconda/envs/pytsa/lib/python3.10/site-packages/nbclient/client.py", line 1062, in async_execute_cell
    await self._check_raise_for_error(cell, cell_index, exec_reply)
  File "/usr/share/miniconda/envs/pytsa/lib/python3.10/site-packages/nbclient/client.py", line 918, in _check_raise_for_error
    raise CellExecutionError.from_cell_and_msg(cell, exec_reply_content)
nbclient.exceptions.CellExecutionError: An error occurred while executing the following cell:
------------------
s1 = Y2[:,1]
s2 = Y2[:,2]
fig = plt.figure(figsize=(5, 5))
d, paths = dtw.warping_paths(s1, s2)
best_path = dtw.best_path(paths)
dtwvis.plot_warpingpaths(s1, s2, paths, best_path, figure=fig);
------------------


[0;31m---------------------------------------------------------------------------[0m
[0;31mTypeError[0m                                 Traceback (most recent call last)
Cell [0;32mIn[29], line 6[0m
[1;32m      4[0m d, paths [38;5;241m=[39m dtw[38;5;241m.[39mwarping_paths(s1, s2)
[1;32m      5[0m best_path [38;5;241m=[39m dtw[38;5;241m.[39mbest_path(paths)
[0;32m----> 6[0m [43mdtwvis[49m[38;5;241;43m.[39;49m[43mplot_warpingpaths[49m[43m([49m[43ms1[49m[43m,[49m[43m [49m[43ms2[49m[43m,[49m[43m [49m[43mpaths[49m[43m,[49m[43m [49m[43mbest_path[49m[43m,[49m[43m [49m[43mfigure[49m[38;5;241;43m=[39;49m[43mfig[49m[43m)[49m;

File [0;32m/usr/share/miniconda/envs/pytsa/lib/python3.10/site-packages/dtaidistance/dtw_visualisation.py:334[0m, in [0;36mplot_warpingpaths[0;34m(s1, s2, paths, cost_matrix, path, filename, shownumbers, showlegend, showtotaldist, figure, path_kwargs, matshow_kwargs, plot_kwargs, includes_zero, tick_kwargs, show_diagonal)[0m
[1;32m    332[0m     matshow_kwargs [38;5;241m=[39m {}
[1;32m    333[0m [38;5;28;01mif[39;00m cost_matrix [38;5;129;01mis[39;00m [38;5;129;01mnot[39;00m [38;5;28;01mNone[39;00m:
[0;32m--> 334[0m     img [38;5;241m=[39m ax3[38;5;241m.[39mmatshow([43mcost_matrix[49m[43m[[49m[38;5;241;43m1[39;49m[43m:[49m[43m,[49m[43m [49m[38;5;241;43m1[39;49m[43m:[49m[43m][49m, aspect[38;5;241m=[39m[38;5;124m'[39m[38;5;124mequal[39m[38;5;124m'[39m, [38;5;241m*[39m[38;5;241m*[39mmatshow_kwargs)
[1;32m    335[0m [38;5;28;01melse[39;00m:
[1;32m    336[0m     [38;5;28;01mif[39;00m includes_zero:

[0;31mTypeError[0m: list indices must be integers or slices, not tuple

