Traceback (most recent call last):
  File "/usr/share/miniconda/envs/pytsa/lib/python3.10/site-packages/jupyter_cache/executors/utils.py", line 58, in single_nb_execution
    executenb(
  File "/usr/share/miniconda/envs/pytsa/lib/python3.10/site-packages/nbclient/client.py", line 1323, in execute
    return NotebookClient(nb=nb, resources=resources, km=km, **kwargs).execute()
  File "/usr/share/miniconda/envs/pytsa/lib/python3.10/site-packages/jupyter_core/utils/__init__.py", line 165, in wrapped
    return loop.run_until_complete(inner)
  File "/usr/share/miniconda/envs/pytsa/lib/python3.10/asyncio/base_events.py", line 649, in run_until_complete
    return future.result()
  File "/usr/share/miniconda/envs/pytsa/lib/python3.10/site-packages/nbclient/client.py", line 709, in async_execute
    await self.async_execute_cell(
  File "/usr/share/miniconda/envs/pytsa/lib/python3.10/site-packages/nbclient/client.py", line 1062, in async_execute_cell
    await self._check_raise_for_error(cell, cell_index, exec_reply)
  File "/usr/share/miniconda/envs/pytsa/lib/python3.10/site-packages/nbclient/client.py", line 918, in _check_raise_for_error
    raise CellExecutionError.from_cell_and_msg(cell, exec_reply_content)
nbclient.exceptions.CellExecutionError: An error occurred while executing the following cell:
------------------
def get_data(tickerSymbol, period, start, end):

    # Get data on the ticker
    tickerData = yf.Ticker(tickerSymbol)

    # Get the historical prices for this ticker
    tickerDf = tickerData.history(period=period, start=start, end=end)
    
    return tickerDf
    
data = get_data('GOOG', period='1d', start='2004-09-01', end='2020-08-31')
------------------


[0;31m---------------------------------------------------------------------------[0m
[0;31mValueError[0m                                Traceback (most recent call last)
Cell [0;32mIn[6], line 11[0m
[1;32m      7[0m     tickerDf [38;5;241m=[39m tickerData[38;5;241m.[39mhistory(period[38;5;241m=[39mperiod, start[38;5;241m=[39mstart, end[38;5;241m=[39mend)
[1;32m      9[0m     [38;5;28;01mreturn[39;00m tickerDf
[0;32m---> 11[0m data [38;5;241m=[39m [43mget_data[49m[43m([49m[38;5;124;43m'[39;49m[38;5;124;43mGOOG[39;49m[38;5;124;43m'[39;49m[43m,[49m[43m [49m[43mperiod[49m[38;5;241;43m=[39;49m[38;5;124;43m'[39;49m[38;5;124;43m1d[39;49m[38;5;124;43m'[39;49m[43m,[49m[43m [49m[43mstart[49m[38;5;241;43m=[39;49m[38;5;124;43m'[39;49m[38;5;124;43m2004-09-01[39;49m[38;5;124;43m'[39;49m[43m,[49m[43m [49m[43mend[49m[38;5;241;43m=[39;49m[38;5;124;43m'[39;49m[38;5;124;43m2020-08-31[39;49m[38;5;124;43m'[39;49m[43m)[49m

Cell [0;32mIn[6], line 7[0m, in [0;36mget_data[0;34m(tickerSymbol, period, start, end)[0m
[1;32m      4[0m tickerData [38;5;241m=[39m yf[38;5;241m.[39mTicker(tickerSymbol)
[1;32m      6[0m [38;5;66;03m# Get the historical prices for this ticker[39;00m
[0;32m----> 7[0m tickerDf [38;5;241m=[39m [43mtickerData[49m[38;5;241;43m.[39;49m[43mhistory[49m[43m([49m[43mperiod[49m[38;5;241;43m=[39;49m[43mperiod[49m[43m,[49m[43m [49m[43mstart[49m[38;5;241;43m=[39;49m[43mstart[49m[43m,[49m[43m [49m[43mend[49m[38;5;241;43m=[39;49m[43mend[49m[43m)[49m
[1;32m      9[0m [38;5;28;01mreturn[39;00m tickerDf

File [0;32m/usr/share/miniconda/envs/pytsa/lib/python3.10/site-packages/yfinance/utils.py:95[0m, in [0;36mlog_indent_decorator.<locals>.wrapper[0;34m(*args, **kwargs)[0m
[1;32m     92[0m logger[38;5;241m.[39mdebug([38;5;124mf[39m[38;5;124m'[39m[38;5;124mEntering [39m[38;5;132;01m{[39;00mfunc[38;5;241m.[39m[38;5;18m__name__[39m[38;5;132;01m}[39;00m[38;5;124m()[39m[38;5;124m'[39m)
[1;32m     94[0m [38;5;28;01mwith[39;00m IndentationContext():
[0;32m---> 95[0m     result [38;5;241m=[39m [43mfunc[49m[43m([49m[38;5;241;43m*[39;49m[43margs[49m[43m,[49m[43m [49m[38;5;241;43m*[39;49m[38;5;241;43m*[39;49m[43mkwargs[49m[43m)[49m
[1;32m     97[0m logger[38;5;241m.[39mdebug([38;5;124mf[39m[38;5;124m'[39m[38;5;124mExiting [39m[38;5;132;01m{[39;00mfunc[38;5;241m.[39m[38;5;18m__name__[39m[38;5;132;01m}[39;00m[38;5;124m()[39m[38;5;124m'[39m)
[1;32m     98[0m [38;5;28;01mreturn[39;00m result

File [0;32m/usr/share/miniconda/envs/pytsa/lib/python3.10/site-packages/yfinance/base.py:129[0m, in [0;36mTickerBase.history[0;34m(self, *args, **kwargs)[0m
[1;32m    127[0m [38;5;129m@utils[39m[38;5;241m.[39mlog_indent_decorator
[1;32m    128[0m [38;5;28;01mdef[39;00m[38;5;250m [39m[38;5;21mhistory[39m([38;5;28mself[39m, [38;5;241m*[39margs, [38;5;241m*[39m[38;5;241m*[39mkwargs) [38;5;241m-[39m[38;5;241m>[39m pd[38;5;241m.[39mDataFrame:
[0;32m--> 129[0m     [38;5;28;01mreturn[39;00m [38;5;28;43mself[39;49m[38;5;241;43m.[39;49m[43m_lazy_load_price_history[49m[43m([49m[43m)[49m[38;5;241;43m.[39;49m[43mhistory[49m[43m([49m[38;5;241;43m*[39;49m[43margs[49m[43m,[49m[43m [49m[38;5;241;43m*[39;49m[38;5;241;43m*[39;49m[43mkwargs[49m[43m)[49m

File [0;32m/usr/share/miniconda/envs/pytsa/lib/python3.10/site-packages/yfinance/utils.py:95[0m, in [0;36mlog_indent_decorator.<locals>.wrapper[0;34m(*args, **kwargs)[0m
[1;32m     92[0m logger[38;5;241m.[39mdebug([38;5;124mf[39m[38;5;124m'[39m[38;5;124mEntering [39m[38;5;132;01m{[39;00mfunc[38;5;241m.[39m[38;5;18m__name__[39m[38;5;132;01m}[39;00m[38;5;124m()[39m[38;5;124m'[39m)
[1;32m     94[0m [38;5;28;01mwith[39;00m IndentationContext():
[0;32m---> 95[0m     result [38;5;241m=[39m [43mfunc[49m[43m([49m[38;5;241;43m*[39;49m[43margs[49m[43m,[49m[43m [49m[38;5;241;43m*[39;49m[38;5;241;43m*[39;49m[43mkwargs[49m[43m)[49m
[1;32m     97[0m logger[38;5;241m.[39mdebug([38;5;124mf[39m[38;5;124m'[39m[38;5;124mExiting [39m[38;5;132;01m{[39;00mfunc[38;5;241m.[39m[38;5;18m__name__[39m[38;5;132;01m}[39;00m[38;5;124m()[39m[38;5;124m'[39m)
[1;32m     98[0m [38;5;28;01mreturn[39;00m result

File [0;32m/usr/share/miniconda/envs/pytsa/lib/python3.10/site-packages/yfinance/scrapers/history.py:161[0m, in [0;36mPriceHistory.history[0;34m(self, period, interval, start, end, prepost, actions, auto_adjust, back_adjust, repair, keepna, rounding, timeout, raise_errors)[0m
[1;32m    159[0m         start [38;5;241m+[39m[38;5;241m=[39m [38;5;241m5[39m [38;5;66;03m# allow for processing time[39;00m
[1;32m    160[0m [38;5;28;01melif[39;00m start [38;5;129;01mand[39;00m end:
[0;32m--> 161[0m     [38;5;28;01mraise[39;00m [38;5;167;01mValueError[39;00m([38;5;124m"[39m[38;5;124mSetting period, start and end is nonsense. Set maximum 2 of them.[39m[38;5;124m"[39m)
[1;32m    162[0m [38;5;28;01melif[39;00m start [38;5;129;01mor[39;00m end:
[1;32m    163[0m     period_td [38;5;241m=[39m utils[38;5;241m.[39m_interval_to_timedelta(period)

[0;31mValueError[0m: Setting period, start and end is nonsense. Set maximum 2 of them.

